<?xml version="1.0" encoding="UTF-8"?>
<testsuite name="io.tonnioo_owner.AuthTest" tests="1" skipped="0" failures="0" errors="0" timestamp="2022-05-26T11:34:20" hostname="tonnio-api" time="0.084">
  <properties/>
  <testcase name="testLocalFile()" classname="io.tonnioo_owner.AuthTest" time="0.084"/>
  <system-out><![CDATA[]]></system-out>
  <system-err><![CDATA[]]></system-err>
</testsuite>
